0 info it worked if it ends with ok
1 verbose cli [ 'node',
1 verbose cli   '/usr/local/bin/npm',
1 verbose cli   'install',
1 verbose cli   'https://github.com/mudcube/MIDI.js.git' ]
2 info using npm@1.3.11
3 info using node@v0.10.21
4 warn package.json eartraining@0.0.0 No description
5 warn package.json eartraining@0.0.0 No repository field.
6 warn package.json eartraining@0.0.0 No README data
7 verbose readDependencies using package.json deps
8 verbose cache add [ 'https://github.com/mudcube/MIDI.js.git', null ]
9 verbose cache add name=undefined spec="https://github.com/mudcube/MIDI.js.git" args=["https://github.com/mudcube/MIDI.js.git",null]
10 verbose parsed url { protocol: 'https:',
10 verbose parsed url   slashes: true,
10 verbose parsed url   auth: null,
10 verbose parsed url   host: 'github.com',
10 verbose parsed url   port: null,
10 verbose parsed url   hostname: 'github.com',
10 verbose parsed url   hash: null,
10 verbose parsed url   search: null,
10 verbose parsed url   query: null,
10 verbose parsed url   pathname: '/mudcube/MIDI.js.git',
10 verbose parsed url   path: '/mudcube/MIDI.js.git',
10 verbose parsed url   href: 'https://github.com/mudcube/MIDI.js.git' }
11 silly lockFile d3ac79f0-s-github-com-mudcube-MIDI-js-git https://github.com/mudcube/MIDI.js.git
12 verbose lock https://github.com/mudcube/MIDI.js.git /Users/xiaoma/.npm/d3ac79f0-s-github-com-mudcube-MIDI-js-git.lock
13 verbose addRemoteTarball [ 'https://github.com/mudcube/MIDI.js.git', null ]
14 info retry fetch attempt 1 at 17:06:16
15 verbose fetch to= /var/folders/pc/g5ghbm35469220f3ycwd5d_h0000gn/T/npm-11291-YCmknwOt/1385946376687-0.08513650624081492/tmp.tgz
16 http GET https://github.com/mudcube/MIDI.js.git
17 http 200 https://github.com/mudcube/MIDI.js.git
18 verbose tar unpack /var/folders/pc/g5ghbm35469220f3ycwd5d_h0000gn/T/npm-11291-YCmknwOt/1385946376687-0.08513650624081492/tmp.tgz
19 silly lockFile 16e3909c-6687-0-08513650624081492-package tar:///var/folders/pc/g5ghbm35469220f3ycwd5d_h0000gn/T/npm-11291-YCmknwOt/1385946376687-0.08513650624081492/package
20 verbose lock tar:///var/folders/pc/g5ghbm35469220f3ycwd5d_h0000gn/T/npm-11291-YCmknwOt/1385946376687-0.08513650624081492/package /Users/xiaoma/.npm/16e3909c-6687-0-08513650624081492-package.lock
21 silly lockFile 86bb4bf5-6687-0-08513650624081492-tmp-tgz tar:///var/folders/pc/g5ghbm35469220f3ycwd5d_h0000gn/T/npm-11291-YCmknwOt/1385946376687-0.08513650624081492/tmp.tgz
22 verbose lock tar:///var/folders/pc/g5ghbm35469220f3ycwd5d_h0000gn/T/npm-11291-YCmknwOt/1385946376687-0.08513650624081492/tmp.tgz /Users/xiaoma/.npm/86bb4bf5-6687-0-08513650624081492-tmp-tgz.lock
23 silly gunzTarPerm modes [ '755', '644' ]
24 error not a package /var/folders/pc/g5ghbm35469220f3ycwd5d_h0000gn/T/npm-11291-YCmknwOt/1385946376687-0.08513650624081492/tmp.tgz
25 silly lockFile 16e3909c-6687-0-08513650624081492-package tar:///var/folders/pc/g5ghbm35469220f3ycwd5d_h0000gn/T/npm-11291-YCmknwOt/1385946376687-0.08513650624081492/package
26 silly lockFile 16e3909c-6687-0-08513650624081492-package tar:///var/folders/pc/g5ghbm35469220f3ycwd5d_h0000gn/T/npm-11291-YCmknwOt/1385946376687-0.08513650624081492/package
27 silly lockFile 86bb4bf5-6687-0-08513650624081492-tmp-tgz tar:///var/folders/pc/g5ghbm35469220f3ycwd5d_h0000gn/T/npm-11291-YCmknwOt/1385946376687-0.08513650624081492/tmp.tgz
28 silly lockFile 86bb4bf5-6687-0-08513650624081492-tmp-tgz tar:///var/folders/pc/g5ghbm35469220f3ycwd5d_h0000gn/T/npm-11291-YCmknwOt/1385946376687-0.08513650624081492/tmp.tgz
29 silly lockFile d3ac79f0-s-github-com-mudcube-MIDI-js-git https://github.com/mudcube/MIDI.js.git
30 silly lockFile d3ac79f0-s-github-com-mudcube-MIDI-js-git https://github.com/mudcube/MIDI.js.git
31 error Error: ENOENT, open '/var/folders/pc/g5ghbm35469220f3ycwd5d_h0000gn/T/npm-11291-YCmknwOt/1385946376687-0.08513650624081492/package/package.json'
32 error If you need help, you may report this log at:
32 error     <http://github.com/isaacs/npm/issues>
32 error or email it to:
32 error     <npm-@googlegroups.com>
33 error System Darwin 13.0.0
34 error command "node" "/usr/local/bin/npm" "install" "https://github.com/mudcube/MIDI.js.git"
35 error cwd /Users/xiaoma/projects/eartraining
36 error node -v v0.10.21
37 error npm -v 1.3.11
38 error path /var/folders/pc/g5ghbm35469220f3ycwd5d_h0000gn/T/npm-11291-YCmknwOt/1385946376687-0.08513650624081492/package/package.json
39 error code ENOENT
40 error errno 34
41 verbose exit [ 34, true ]
